2025-06-04 21:48:29,738 - Loaded 350683 rows from E:/Major Project/User behaviour analysis using server logs/data/raw_logs/eclog_1day.csv
2025-06-04 21:48:30,073 - Sample timestamps:
0   2019-12-10 23:00:00+00:00
1   2019-12-10 23:00:01+00:00
2   2019-12-10 23:00:01+00:00
3   2019-12-10 23:00:05+00:00
4   2019-12-10 23:00:05+00:00
Name: TimeStamp, dtype: datetime64[ns, UTC]
2025-06-04 21:48:30,675 - Rows flagged as bots: 22269
2025-06-04 21:48:30,676 - Sample bot UserAgents:
2     Mozilla/5.0 (compatible; SemrushBot/6~bl; +htt...
8     Mozilla/5.0 (compatible; SemrushBot/6~bl; +htt...
12    Mozilla/5.0 (compatible; SemrushBot/6~bl; +htt...
16    Mozilla/5.0 (Linux; Android 6.0.1; Nexus 5X Bu...
19    Mozilla/5.0 (compatible; MJ12bot/v1.4.8; http:...
Name: User_Agent, dtype: object
2025-06-04 21:48:30,697 - Rows after bot filtering: 328414
2025-06-04 21:48:30,725 - Rows after filtering Response == 200: 321097
2025-06-04 21:48:34,847 - Saved cleaned data to D:\MAJOR PROJECT\User behaviour analysis using server logs\data\processed_logs\processed_data.csv
2025-06-04 21:48:46,823 - Loaded 321097 rows from E:/Major Project/User behaviour analysis using server logs/data/processed_logs/processed_data.csv
2025-06-04 21:48:46,910 - Sorted data by IP and TimeStamp
2025-06-04 21:48:47,087 - Rows after filtering non-user actions: 94450
2025-06-04 21:48:47,107 - Time difference stats (minutes):
count    92335.000000
mean         1.187008
std         19.015742
min          0.000000
25%          0.000000
50%          0.083333
75%          1.083333
max       1333.316667
Name: time_diff, dtype: float64
2025-06-04 21:48:47,344 - Unique referrer domains: 58
2025-06-04 21:48:47,355 - Top 5 referrer domains:
referrer_domain
shop.our-internet-company.pl    90433
                                 1662
www.google.com                   1480
www.google.pl                     299
tpc.googlesyndication.com         147
Name: count, dtype: int64
2025-06-04 21:48:48,067 - Total domain changes: 7492
2025-06-04 21:48:48,068 - Total new sessions marked: 7785
2025-06-04 21:48:48,125 - Sample session assignment for IP 1000US:
  Session_ID                 TimeStamp  time_diff  new_session  session_num      Page_URL Referrer_URL referrer_domain
0   1000US_1 2019-12-11 09:07:42+00:00        NaN         True            1  /p-2100.html            -                
2025-06-04 21:48:48,157 - Event distribution:
Event
Info_Page_View    53702
Other_Action      35061
Product_View       4015
Add_to_Cart        1672
Name: count, dtype: int64
2025-06-04 21:48:48,167 - Total sessions: 7785
2025-06-04 21:48:48,167 - Total unique IPs: 2115
2025-06-04 21:48:48,167 - Average events per session: 12.13
2025-06-04 21:48:48,173 - Duplicate Session_IDs: 86665
2025-06-04 21:48:48,210 - Found 86665 duplicate Session_IDs. Sample duplicates:
   Session_ID      IP  ...                                       Referrer_URL               referrer_domain
2    1001PL_2  1001PL  ...  https://shop.our-internet-company.pl/p-4267.ht...  shop.our-internet-company.pl
3    1001PL_2  1001PL  ...  https://shop.our-internet-company.pl/p-4267.ht...  shop.our-internet-company.pl
4    1001PL_2  1001PL  ...  https://shop.our-internet-company.pl/p-4267.ht...  shop.our-internet-company.pl
5    1001PL_2  1001PL  ...  https://shop.our-internet-company.pl/p-4267.ht...  shop.our-internet-company.pl
6    1001PL_2  1001PL  ...  https://shop.our-internet-company.pl/p-4267.ht...  shop.our-internet-company.pl
7    1001PL_2  1001PL  ...  https://shop.our-internet-company.pl/p-4267.ht...  shop.our-internet-company.pl
8    1001PL_2  1001PL  ...  https://shop.our-internet-company.pl/p-4267.ht...  shop.our-internet-company.pl
9    1001PL_2  1001PL  ...  https://shop.our-internet-company.pl/p-4267.ht...  shop.our-internet-company.pl
10   1001PL_2  1001PL  ...  https://shop.our-internet-company.pl/p-4267.ht...  shop.our-internet-company.pl
11   1001PL_3  1001PL  ...  https://shop.our-internet-company.pl/p-4267.ht...  shop.our-internet-company.pl

[10 rows x 6 columns]
2025-06-04 21:48:48,228 - Sessions per IP (top 5):
IP
950PL    190
599PL    170
12US      92
571PL     50
304PL     41
Name: Session_ID, dtype: int64
2025-06-04 21:48:49,633 - Saved event log to D:\MAJOR PROJECT\User behaviour analysis using server logs\data\processed_logs\event_logs.csv
2025-06-05 07:57:52,337 - Loaded 350683 rows from D:/MAJOR PROJECT/User behaviour analysis using server logs/data/raw_logs/eclog_1day.csv
2025-06-05 07:57:52,515 - Sample timestamps:
0   2019-12-10 23:00:00+00:00
1   2019-12-10 23:00:01+00:00
2   2019-12-10 23:00:01+00:00
3   2019-12-10 23:00:05+00:00
4   2019-12-10 23:00:05+00:00
Name: TimeStamp, dtype: datetime64[ns, UTC]
2025-06-05 07:57:52,940 - Rows flagged as bots: 22269
2025-06-05 07:57:52,945 - Sample bot UserAgents:
2     Mozilla/5.0 (compatible; SemrushBot/6~bl; +htt...
8     Mozilla/5.0 (compatible; SemrushBot/6~bl; +htt...
12    Mozilla/5.0 (compatible; SemrushBot/6~bl; +htt...
16    Mozilla/5.0 (Linux; Android 6.0.1; Nexus 5X Bu...
19    Mozilla/5.0 (compatible; MJ12bot/v1.4.8; http:...
Name: User_Agent, dtype: object
2025-06-05 07:57:52,956 - Rows after bot filtering: 328414
2025-06-05 07:57:52,986 - Rows after filtering Response == 200: 321097
2025-06-05 07:57:56,171 - Saved cleaned data to D:\MAJOR PROJECT\User behaviour analysis using server logs\data\processed_logs\processed_data.csv
2025-06-05 08:07:05,369 - Loaded 350683 rows from D:/MAJOR PROJECT/User behaviour analysis using server logs/data/raw_logs/eclog_1day.csv
2025-06-05 08:07:05,628 - Sample timestamps:
0   2019-12-10 23:00:00+00:00
1   2019-12-10 23:00:01+00:00
2   2019-12-10 23:00:01+00:00
3   2019-12-10 23:00:05+00:00
4   2019-12-10 23:00:05+00:00
Name: TimeStamp, dtype: datetime64[ns, UTC]
2025-06-05 08:07:06,327 - Rows flagged as bots: 22269
2025-06-05 08:07:06,328 - Sample bot UserAgents:
2     Mozilla/5.0 (compatible; SemrushBot/6~bl; +htt...
8     Mozilla/5.0 (compatible; SemrushBot/6~bl; +htt...
12    Mozilla/5.0 (compatible; SemrushBot/6~bl; +htt...
16    Mozilla/5.0 (Linux; Android 6.0.1; Nexus 5X Bu...
19    Mozilla/5.0 (compatible; MJ12bot/v1.4.8; http:...
Name: User_Agent, dtype: object
2025-06-05 08:07:06,354 - Rows after bot filtering: 328414
2025-06-05 08:07:06,384 - Rows after filtering Response == 200: 321097
2025-06-05 08:07:09,872 - Saved cleaned data to D:\MAJOR PROJECT\User behaviour analysis using server logs\data\processed_logs\processed_data.csv
2025-06-05 08:07:09,872 - Preprocessing completed in 5.78 seconds
2025-06-05 08:07:24,899 - Loaded 321097 rows from D:/MAJOR PROJECT/User behaviour analysis using server logs/data/processed_logs/processed_data.csv
2025-06-05 08:07:25,013 - Sorted data by IP and TimeStamp
2025-06-05 08:07:25,216 - Rows after filtering non-user actions: 94450
2025-06-05 08:07:25,258 - Time difference stats (minutes):
count    92335.000000
mean         1.187008
std         19.015742
min          0.000000
25%          0.000000
50%          0.083333
75%          1.083333
max       1333.316667
Name: time_diff, dtype: float64
2025-06-05 08:07:25,539 - Unique referrer domains: 58
2025-06-05 08:07:25,567 - Top 5 referrer domains:
referrer_domain
shop.our-internet-company.pl    90433
                                 1662
www.google.com                   1480
www.google.pl                     299
tpc.googlesyndication.com         147
Name: count, dtype: int64
2025-06-05 08:07:26,476 - Total domain changes: 7492
2025-06-05 08:07:26,477 - Total new sessions marked: 7785
2025-06-05 08:07:26,551 - Sample session assignment for IP 1000US:
  Session_ID                 TimeStamp  time_diff  new_session  session_num      Page_URL Referrer_URL referrer_domain
0   1000US_1 2019-12-11 09:07:42+00:00        NaN         True            1  /p-2100.html            -                
2025-06-05 08:07:26,591 - Event distribution:
Event
Info_Page_View    53702
Other_Action      35061
Product_View       4015
Add_to_Cart        1672
Name: count, dtype: int64
2025-06-05 08:07:26,604 - Total sessions: 7785
2025-06-05 08:07:26,604 - Total unique IPs: 2115
2025-06-05 08:07:26,604 - Average events per session: 12.13
2025-06-05 08:07:26,612 - Duplicate Session_IDs: 86665
2025-06-05 08:07:26,656 - Found 86665 duplicate Session_IDs. Sample duplicates:
   Session_ID      IP  ...                                       Referrer_URL               referrer_domain
2    1001PL_2  1001PL  ...  https://shop.our-internet-company.pl/p-4267.ht...  shop.our-internet-company.pl
3    1001PL_2  1001PL  ...  https://shop.our-internet-company.pl/p-4267.ht...  shop.our-internet-company.pl
4    1001PL_2  1001PL  ...  https://shop.our-internet-company.pl/p-4267.ht...  shop.our-internet-company.pl
5    1001PL_2  1001PL  ...  https://shop.our-internet-company.pl/p-4267.ht...  shop.our-internet-company.pl
6    1001PL_2  1001PL  ...  https://shop.our-internet-company.pl/p-4267.ht...  shop.our-internet-company.pl
7    1001PL_2  1001PL  ...  https://shop.our-internet-company.pl/p-4267.ht...  shop.our-internet-company.pl
8    1001PL_2  1001PL  ...  https://shop.our-internet-company.pl/p-4267.ht...  shop.our-internet-company.pl
9    1001PL_2  1001PL  ...  https://shop.our-internet-company.pl/p-4267.ht...  shop.our-internet-company.pl
10   1001PL_2  1001PL  ...  https://shop.our-internet-company.pl/p-4267.ht...  shop.our-internet-company.pl
11   1001PL_3  1001PL  ...  https://shop.our-internet-company.pl/p-4267.ht...  shop.our-internet-company.pl

[10 rows x 6 columns]
2025-06-05 08:07:26,675 - Sessions per IP (top 5):
IP
950PL    190
599PL    170
12US      92
571PL     50
304PL     41
Name: Session_ID, dtype: int64
2025-06-05 08:07:28,192 - Saved event log to D:\MAJOR PROJECT\User behaviour analysis using server logs\data\processed_logs\event_logs.csv
